<?xml version="1.0" encoding="UTF-8"?>
<!-- Generated by org.testng.reporters.JUnitXMLReporter -->
<testsuite ignored="0" hostname="DESKTOP-P90V53U" failures="0" tests="5" name="POMTest" time="125.691" errors="0" timestamp="2024-03-04T14:51:53 PST">
  <testcase classname="com.tekarch.POM.automationTests.AutomationScriptsLogInTest" name="forgotPassword4a" time="14.857"/>
  <testcase classname="com.tekarch.POM.automationTests.AutomationScriptsLogInTest" name="forgotPassword4b" time="13.104"/>
  <testcase classname="com.tekarch.POM.automationTests.AutomationScriptsLogInTest" name="loginErrorMessage1" time="13.038"/>
  <testcase classname="com.tekarch.POM.automationTests.AutomationScriptsLogInTest" name="loginSalesforce2" time="19.889"/>
  <testcase classname="com.tekarch.POM.automationTests.AutomationScriptsLogInTest" name="rememberMe3" time="37.241"/>
</testsuite> <!-- POMTest -->
