<?xml version="1.0" encoding="UTF-8"?>
<testsuite xmlns:xsi="http://www.w3.org/2001/XMLSchema-instance" xsi:noNamespaceSchemaLocation="https://maven.apache.org/surefire/maven-surefire-plugin/xsd/surefire-test-report-3.0.xsd" version="3.0" name="TestSuite" time="108.797" tests="5" errors="0" skipped="0" failures="0">
  <properties>
[...]
</properties>
  <testcase name="forgotPassword4a[chrome](1)" classname="com.tekarch.POM.automationTests.AutomationScriptsLogInTest" time="14.152">
    <system-out><![CDATA[2024-02-20 01:49:50,082 INFO  POMListenerUtility.java:66 - POMTest has started....................
2024-02-20 01:49:50,323 INFO  BaseTest.java:42 - .........BeforeMethod setUpBeforeMethod executed---------------
2024-02-20 01:49:52,450 INFO  BaseTest.java:61 - browser instance chrome created.
2024-02-20 01:49:52,576 INFO  BaseTest.java:64 - window is maximized
ChromeDriver: chrome on WINDOWS (9fae12bfb34044098e8a0c7a2eab126a)
2024-02-20 01:49:53,303 INFO  BaseTest.java:100 - https://tekarch-ea-dev-ed.develop.my.salesforce.com/is entered
2024-02-20 01:49:53,307 INFO  POMListenerUtility.java:19 - forgotPassword4a.......test execution started........
2024-02-20 01:49:53,313 INFO  AutomationScriptsLogInTest.java:99 - ******login_to_firebase automation script started***********
2024-02-20 01:49:56,742 INFO  BasePage.java:42 - forgotPwdLinkbutton is clicked
2024-02-20 01:49:58,940 INFO  BasePage.java:31 - data is entered in forgotPwdUN textbox
2024-02-20 01:50:01,404 INFO  BasePage.java:42 - cntBtnbutton is clicked
2024-02-20 01:50:03,444 INFO  BasePage.java:52 - text is extracted from chkEmailText
]]></system-out>
    <system-err><![CDATA[SLF4J: No SLF4J providers were found.
SLF4J: Defaulting to no-operation (NOP) logger implementation
SLF4J: See https://www.slf4j.org/codes.html#noProviders for further details.
Starting ChromeDriver 121.0.6167.184 (057a8ae7deb3374d0f1b04b36304d236f0136188-refs/branch-heads/6167@{#1818}) on port 56938
Only local connections are allowed.
Please see https://chromedriver.chromium.org/security-considerations for suggestions on keeping ChromeDriver safe.
ChromeDriver was started successfully.
Feb 20, 2024 1:49:52 AM org.openqa.selenium.remote.ProtocolHandshake createSession
INFO: Detected dialect: W3C
]]></system-err>
  </testcase>
  <testcase name="forgotPassword4b[chrome](1)" classname="com.tekarch.POM.automationTests.AutomationScriptsLogInTest" time="12.818">
    <system-out><![CDATA[2024-02-20 01:50:07,464 INFO  POMListenerUtility.java:26 - forgotPassword4a.......test execution completed with success........
2024-02-20 01:50:07,590 INFO  BaseTest.java:106 - browser instance closed
2024-02-20 01:50:07,592 INFO  BaseTest.java:52 - ******tearDownAfterTestMethod executed***********
2024-02-20 01:50:07,592 INFO  BaseTest.java:42 - .........BeforeMethod setUpBeforeMethod executed---------------
2024-02-20 01:50:09,148 INFO  BaseTest.java:61 - browser instance chrome created.
2024-02-20 01:50:09,273 INFO  BaseTest.java:64 - window is maximized
ChromeDriver: chrome on WINDOWS (ddf2e6d4b996368c1bd266f2788c20ab)
2024-02-20 01:50:11,318 INFO  BaseTest.java:100 - https://tekarch-ea-dev-ed.develop.my.salesforce.com/is entered
2024-02-20 01:50:11,322 INFO  POMListenerUtility.java:19 - forgotPassword4b.......test execution started........
2024-02-20 01:50:11,323 INFO  AutomationScriptsLogInTest.java:121 - ******login_to_firebase automation script started***********
2024-02-20 01:50:13,535 INFO  BasePage.java:31 - data is entered in Username textbox
2024-02-20 01:50:15,700 INFO  BasePage.java:31 - data is entered in password field textbox
2024-02-20 01:50:18,076 INFO  BasePage.java:42 - login buttonbutton is clicked
2024-02-20 01:50:20,129 INFO  BasePage.java:52 - text is extracted from wrngEmailErr
]]></system-out>
    <system-err><![CDATA[Starting ChromeDriver 121.0.6167.184 (057a8ae7deb3374d0f1b04b36304d236f0136188-refs/branch-heads/6167@{#1818}) on port 23307
Only local connections are allowed.
Please see https://chromedriver.chromium.org/security-considerations for suggestions on keeping ChromeDriver safe.
ChromeDriver was started successfully.
Feb 20, 2024 1:50:09 AM org.openqa.selenium.remote.ProtocolHandshake createSession
INFO: Detected dialect: W3C
]]></system-err>
  </testcase>
  <testcase name="loginErrorMessage1[chrome](1)" classname="com.tekarch.POM.automationTests.AutomationScriptsLogInTest" time="12.763">
    <system-out><![CDATA[2024-02-20 01:50:24,141 INFO  POMListenerUtility.java:26 - forgotPassword4b.......test execution completed with success........
2024-02-20 01:50:24,263 INFO  BaseTest.java:106 - browser instance closed
2024-02-20 01:50:24,263 INFO  BaseTest.java:52 - ******tearDownAfterTestMethod executed***********
2024-02-20 01:50:24,263 INFO  BaseTest.java:42 - .........BeforeMethod setUpBeforeMethod executed---------------
2024-02-20 01:50:25,928 INFO  BaseTest.java:61 - browser instance chrome created.
2024-02-20 01:50:26,060 INFO  BaseTest.java:64 - window is maximized
ChromeDriver: chrome on WINDOWS (e8b707db012acc80d2a79b6ae3aa8936)
2024-02-20 01:50:27,219 INFO  BaseTest.java:100 - https://tekarch-ea-dev-ed.develop.my.salesforce.com/is entered
2024-02-20 01:50:27,220 INFO  POMListenerUtility.java:19 - loginErrorMessage1.......test execution started........
2024-02-20 01:50:27,222 INFO  AutomationScriptsLogInTest.java:24 - ******AutomationScriptsLogInTest started***********
2024-02-20 01:50:29,437 INFO  BasePage.java:31 - data is entered in Username textbox
2024-02-20 01:50:31,524 INFO  BasePage.java:73 - password is cleared
2024-02-20 01:50:33,912 INFO  BasePage.java:42 - login buttonbutton is clicked
2024-02-20 01:50:35,976 INFO  BasePage.java:52 - text is extracted from error msg
]]></system-out>
    <system-err><![CDATA[Starting ChromeDriver 121.0.6167.184 (057a8ae7deb3374d0f1b04b36304d236f0136188-refs/branch-heads/6167@{#1818}) on port 20700
Only local connections are allowed.
Please see https://chromedriver.chromium.org/security-considerations for suggestions on keeping ChromeDriver safe.
ChromeDriver was started successfully.
Feb 20, 2024 1:50:25 AM org.openqa.selenium.remote.ProtocolHandshake createSession
INFO: Detected dialect: W3C
]]></system-err>
  </testcase>
  <testcase name="loginSalesforce2[chrome](1)" classname="com.tekarch.POM.automationTests.AutomationScriptsLogInTest" time="18.198">
    <system-out><![CDATA[2024-02-20 01:50:39,990 INFO  POMListenerUtility.java:26 - loginErrorMessage1.......test execution completed with success........
2024-02-20 01:50:40,097 INFO  BaseTest.java:106 - browser instance closed
2024-02-20 01:50:40,102 INFO  BaseTest.java:52 - ******tearDownAfterTestMethod executed***********
2024-02-20 01:50:40,103 INFO  BaseTest.java:42 - .........BeforeMethod setUpBeforeMethod executed---------------
2024-02-20 01:50:42,896 INFO  BaseTest.java:61 - browser instance chrome created.
2024-02-20 01:50:43,052 INFO  BaseTest.java:64 - window is maximized
ChromeDriver: chrome on WINDOWS (27c09a1a0f1aec4922d1ae8841baa2e1)
2024-02-20 01:50:45,141 INFO  BaseTest.java:100 - https://tekarch-ea-dev-ed.develop.my.salesforce.com/is entered
2024-02-20 01:50:45,142 INFO  POMListenerUtility.java:19 - loginSalesforce2.......test execution started........
2024-02-20 01:50:45,142 INFO  AutomationScriptsLogInTest.java:46 - ******login_to_firebase automation script started***********
2024-02-20 01:50:47,434 INFO  BasePage.java:31 - data is entered in Username textbox
2024-02-20 01:50:49,626 INFO  BasePage.java:31 - data is entered in password field textbox
2024-02-20 01:50:59,242 INFO  BasePage.java:42 - login buttonbutton is clicked
2024-02-20 01:50:59,308 INFO  BasePage.java:52 - text is extracted from user id
]]></system-out>
    <system-err><![CDATA[Starting ChromeDriver 121.0.6167.184 (057a8ae7deb3374d0f1b04b36304d236f0136188-refs/branch-heads/6167@{#1818}) on port 25863
Only local connections are allowed.
Please see https://chromedriver.chromium.org/security-considerations for suggestions on keeping ChromeDriver safe.
ChromeDriver was started successfully.
Feb 20, 2024 1:50:42 AM org.openqa.selenium.remote.ProtocolHandshake createSession
INFO: Detected dialect: W3C
]]></system-err>
  </testcase>
  <testcase name="rememberMe3[chrome](1)" classname="com.tekarch.POM.automationTests.AutomationScriptsLogInTest" time="28.575">
    <system-out><![CDATA[2024-02-20 01:51:03,340 INFO  POMListenerUtility.java:26 - loginSalesforce2.......test execution completed with success........
2024-02-20 01:51:03,451 INFO  BaseTest.java:106 - browser instance closed
2024-02-20 01:51:03,451 INFO  BaseTest.java:52 - ******tearDownAfterTestMethod executed***********
2024-02-20 01:51:03,458 INFO  BaseTest.java:42 - .........BeforeMethod setUpBeforeMethod executed---------------
2024-02-20 01:51:06,458 INFO  BaseTest.java:61 - browser instance chrome created.
2024-02-20 01:51:06,600 INFO  BaseTest.java:64 - window is maximized
ChromeDriver: chrome on WINDOWS (a47226ee71280ae97ec532731e737a31)
2024-02-20 01:51:08,283 INFO  BaseTest.java:100 - https://tekarch-ea-dev-ed.develop.my.salesforce.com/is entered
2024-02-20 01:51:08,287 INFO  POMListenerUtility.java:19 - rememberMe3.......test execution started........
2024-02-20 01:51:08,287 INFO  AutomationScriptsLogInTest.java:69 - ******login_to_firebase automation script started***********
2024-02-20 01:51:11,066 INFO  BasePage.java:31 - data is entered in Username textbox
2024-02-20 01:51:13,292 INFO  BasePage.java:31 - data is entered in password field textbox
2024-02-20 01:51:15,640 INFO  BasePage.java:91 - rememberMeChkcheck button is selected
2024-02-20 01:51:21,589 INFO  BasePage.java:42 - login buttonbutton is clicked
2024-02-20 01:51:27,874 INFO  BasePage.java:42 - userNavLabelbutton is clicked
2024-02-20 01:51:30,304 INFO  BasePage.java:42 - logoutbutton is clicked
2024-02-20 01:51:32,862 INFO  BasePage.java:52 - text is extracted from user email
]]></system-out>
    <system-err><![CDATA[Starting ChromeDriver 121.0.6167.184 (057a8ae7deb3374d0f1b04b36304d236f0136188-refs/branch-heads/6167@{#1818}) on port 16608
Only local connections are allowed.
Please see https://chromedriver.chromium.org/security-considerations for suggestions on keeping ChromeDriver safe.
ChromeDriver was started successfully.
Feb 20, 2024 1:51:06 AM org.openqa.selenium.remote.ProtocolHandshake createSession
INFO: Detected dialect: W3C
]]></system-err>
  </testcase>
</testsuite>