<?xml version="1.0" encoding="UTF-8"?>
<testng-results ignored="0" total="5" passed="5" failed="0" skipped="0">
  <reporter-output>
  </reporter-output>
  <suite started-at="2024-03-04T14:49:48 PST" name="POMSuite" finished-at="2024-03-04T14:51:53 PST" duration-ms="125691">
    <groups>
    </groups>
    <test started-at="2024-03-04T14:49:48 PST" name="POMTest" finished-at="2024-03-04T14:51:53 PST" duration-ms="125691">
      <class name="com.tekarch.POM.automationTests.AutomationScriptsLogInTest">
        <test-method is-config="true" signature="setUpBeforeMethod(java.lang.String,org.testng.ITestResult)[pri:0, instance:com.tekarch.POM.automationTests.AutomationScriptsLogInTest@2cc3ad05]" started-at="2024-03-04T14:49:48 PST" name="setUpBeforeMethod" finished-at="2024-03-04T14:50:01 PST" duration-ms="13349" status="PASS">
          <params>
            <param index="0">
              <value>
                <![CDATA[chrome]]>
              </value>
            </param>
            <param index="1">
              <value>
                <![CDATA[[TestResult name={null} status=CREATED method=AutomationScriptsLogInTest.forgotPassword4a(java.lang.String)[pri:0, instance:com.tekarch.POM.automationTests.AutomationScriptsLogInTest@2cc3ad05] output={null}]]]>
              </value>
            </param>
          </params>
          <reporter-output>
          </reporter-output>
        </test-method> <!-- setUpBeforeMethod -->
        <test-method signature="forgotPassword4a(java.lang.String)[pri:0, instance:com.tekarch.POM.automationTests.AutomationScriptsLogInTest@2cc3ad05]" started-at="2024-03-04T14:50:01 PST" name="forgotPassword4a" finished-at="2024-03-04T14:50:16 PST" duration-ms="14857" status="PASS">
          <params>
            <param index="0">
              <value>
                <![CDATA[chrome]]>
              </value>
            </param>
          </params>
          <reporter-output>
          </reporter-output>
        </test-method> <!-- forgotPassword4a -->
        <test-method is-config="true" signature="tearDownAfterTestMethod()[pri:0, instance:com.tekarch.POM.automationTests.AutomationScriptsLogInTest@2cc3ad05]" started-at="2024-03-04T14:50:16 PST" name="tearDownAfterTestMethod" finished-at="2024-03-04T14:50:16 PST" duration-ms="106" status="PASS">
          <reporter-output>
          </reporter-output>
        </test-method> <!-- tearDownAfterTestMethod -->
        <test-method is-config="true" signature="setUpBeforeMethod(java.lang.String,org.testng.ITestResult)[pri:0, instance:com.tekarch.POM.automationTests.AutomationScriptsLogInTest@2cc3ad05]" started-at="2024-03-04T14:50:16 PST" name="setUpBeforeMethod" finished-at="2024-03-04T14:50:20 PST" duration-ms="3598" status="PASS">
          <params>
            <param index="0">
              <value>
                <![CDATA[chrome]]>
              </value>
            </param>
            <param index="1">
              <value>
                <![CDATA[[TestResult name={null} status=CREATED method=AutomationScriptsLogInTest.forgotPassword4b(java.lang.String)[pri:0, instance:com.tekarch.POM.automationTests.AutomationScriptsLogInTest@2cc3ad05] output={null}]]]>
              </value>
            </param>
          </params>
          <reporter-output>
          </reporter-output>
        </test-method> <!-- setUpBeforeMethod -->
        <test-method signature="forgotPassword4b(java.lang.String)[pri:0, instance:com.tekarch.POM.automationTests.AutomationScriptsLogInTest@2cc3ad05]" started-at="2024-03-04T14:50:20 PST" name="forgotPassword4b" finished-at="2024-03-04T14:50:33 PST" duration-ms="13104" status="PASS">
          <params>
            <param index="0">
              <value>
                <![CDATA[chrome]]>
              </value>
            </param>
          </params>
          <reporter-output>
          </reporter-output>
        </test-method> <!-- forgotPassword4b -->
        <test-method is-config="true" signature="tearDownAfterTestMethod()[pri:0, instance:com.tekarch.POM.automationTests.AutomationScriptsLogInTest@2cc3ad05]" started-at="2024-03-04T14:50:33 PST" name="tearDownAfterTestMethod" finished-at="2024-03-04T14:50:33 PST" duration-ms="114" status="PASS">
          <reporter-output>
          </reporter-output>
        </test-method> <!-- tearDownAfterTestMethod -->
        <test-method is-config="true" signature="setUpBeforeMethod(java.lang.String,org.testng.ITestResult)[pri:0, instance:com.tekarch.POM.automationTests.AutomationScriptsLogInTest@2cc3ad05]" started-at="2024-03-04T14:50:33 PST" name="setUpBeforeMethod" finished-at="2024-03-04T14:50:36 PST" duration-ms="3398" status="PASS">
          <params>
            <param index="0">
              <value>
                <![CDATA[chrome]]>
              </value>
            </param>
            <param index="1">
              <value>
                <![CDATA[[TestResult name={null} status=CREATED method=AutomationScriptsLogInTest.loginErrorMessage1(java.lang.String)[pri:0, instance:com.tekarch.POM.automationTests.AutomationScriptsLogInTest@2cc3ad05] output={null}]]]>
              </value>
            </param>
          </params>
          <reporter-output>
          </reporter-output>
        </test-method> <!-- setUpBeforeMethod -->
        <test-method signature="loginErrorMessage1(java.lang.String)[pri:0, instance:com.tekarch.POM.automationTests.AutomationScriptsLogInTest@2cc3ad05]" started-at="2024-03-04T14:50:36 PST" name="loginErrorMessage1" finished-at="2024-03-04T14:50:49 PST" duration-ms="13038" status="PASS">
          <params>
            <param index="0">
              <value>
                <![CDATA[chrome]]>
              </value>
            </param>
          </params>
          <reporter-output>
          </reporter-output>
        </test-method> <!-- loginErrorMessage1 -->
        <test-method is-config="true" signature="tearDownAfterTestMethod()[pri:0, instance:com.tekarch.POM.automationTests.AutomationScriptsLogInTest@2cc3ad05]" started-at="2024-03-04T14:50:49 PST" name="tearDownAfterTestMethod" finished-at="2024-03-04T14:50:49 PST" duration-ms="102" status="PASS">
          <reporter-output>
          </reporter-output>
        </test-method> <!-- tearDownAfterTestMethod -->
        <test-method is-config="true" signature="setUpBeforeMethod(java.lang.String,org.testng.ITestResult)[pri:0, instance:com.tekarch.POM.automationTests.AutomationScriptsLogInTest@2cc3ad05]" started-at="2024-03-04T14:50:49 PST" name="setUpBeforeMethod" finished-at="2024-03-04T14:50:53 PST" duration-ms="3263" status="PASS">
          <params>
            <param index="0">
              <value>
                <![CDATA[chrome]]>
              </value>
            </param>
            <param index="1">
              <value>
                <![CDATA[[TestResult name={null} status=CREATED method=AutomationScriptsLogInTest.loginSalesforce2(java.lang.String)[pri:0, instance:com.tekarch.POM.automationTests.AutomationScriptsLogInTest@2cc3ad05] output={null}]]]>
              </value>
            </param>
          </params>
          <reporter-output>
          </reporter-output>
        </test-method> <!-- setUpBeforeMethod -->
        <test-method signature="loginSalesforce2(java.lang.String)[pri:0, instance:com.tekarch.POM.automationTests.AutomationScriptsLogInTest@2cc3ad05]" started-at="2024-03-04T14:50:53 PST" name="loginSalesforce2" finished-at="2024-03-04T14:51:12 PST" duration-ms="19889" status="PASS">
          <params>
            <param index="0">
              <value>
                <![CDATA[chrome]]>
              </value>
            </param>
          </params>
          <reporter-output>
          </reporter-output>
        </test-method> <!-- loginSalesforce2 -->
        <test-method is-config="true" signature="tearDownAfterTestMethod()[pri:0, instance:com.tekarch.POM.automationTests.AutomationScriptsLogInTest@2cc3ad05]" started-at="2024-03-04T14:51:12 PST" name="tearDownAfterTestMethod" finished-at="2024-03-04T14:51:13 PST" duration-ms="97" status="PASS">
          <reporter-output>
          </reporter-output>
        </test-method> <!-- tearDownAfterTestMethod -->
        <test-method is-config="true" signature="setUpBeforeMethod(java.lang.String,org.testng.ITestResult)[pri:0, instance:com.tekarch.POM.automationTests.AutomationScriptsLogInTest@2cc3ad05]" started-at="2024-03-04T14:51:13 PST" name="setUpBeforeMethod" finished-at="2024-03-04T14:51:16 PST" duration-ms="3394" status="PASS">
          <params>
            <param index="0">
              <value>
                <![CDATA[chrome]]>
              </value>
            </param>
            <param index="1">
              <value>
                <![CDATA[[TestResult name={null} status=CREATED method=AutomationScriptsLogInTest.rememberMe3(java.lang.String)[pri:0, instance:com.tekarch.POM.automationTests.AutomationScriptsLogInTest@2cc3ad05] output={null}]]]>
              </value>
            </param>
          </params>
          <reporter-output>
          </reporter-output>
        </test-method> <!-- setUpBeforeMethod -->
        <test-method signature="rememberMe3(java.lang.String)[pri:0, instance:com.tekarch.POM.automationTests.AutomationScriptsLogInTest@2cc3ad05]" started-at="2024-03-04T14:51:16 PST" name="rememberMe3" finished-at="2024-03-04T14:51:53 PST" duration-ms="37241" status="PASS">
          <params>
            <param index="0">
              <value>
                <![CDATA[chrome]]>
              </value>
            </param>
          </params>
          <reporter-output>
          </reporter-output>
        </test-method> <!-- rememberMe3 -->
        <test-method is-config="true" signature="tearDownAfterTestMethod()[pri:0, instance:com.tekarch.POM.automationTests.AutomationScriptsLogInTest@2cc3ad05]" started-at="2024-03-04T14:51:53 PST" name="tearDownAfterTestMethod" finished-at="2024-03-04T14:51:53 PST" duration-ms="99" status="PASS">
          <reporter-output>
          </reporter-output>
        </test-method> <!-- tearDownAfterTestMethod -->
      </class> <!-- com.tekarch.POM.automationTests.AutomationScriptsLogInTest -->
    </test> <!-- POMTest -->
  </suite> <!-- POMSuite -->
</testng-results>
